<?xml version="1.0" encoding="UTF-8"?>
<!-- Generated by org.testng.reporters.JUnitReportReporter -->
<testsuite hostname="DESKTOP-5N1P76C" failures="0" tests="4" name="devopss.UserValidationTest" time="0.012" errors="0" timestamp="2023-10-27T00:52:49 IST" skipped="0">
  <testcase classname="devopss.UserValidationTest" name="testCase2" time="0.001"/>
  <system-out/>
  <testcase classname="devopss.UserValidationTest" name="testCase1" time="0.011"/>
  <system-out/>
  <testcase classname="devopss.UserValidationTest" name="testCase4" time="0.000"/>
  <system-out/>
  <testcase classname="devopss.UserValidationTest" name="testCase3" time="0.000"/>
  <system-out/>
</testsuite> <!-- devopss.UserValidationTest -->
